ThreadNO:1, table:TT01, 2160000 rows processed  
ThreadNO:1, table:TT01, 2152000 rows processed  
ThreadNO:1, table:TT01, 2162000 rows processed  
ThreadNO:1, table:TT01, 2154000 rows processed  
ThreadNO:1, table:TT01, 2156000 rows processed  
ThreadNO:1, table:TT01, 2164000 rows processed  
ThreadNO:1, table:TT01, 2158000 rows processed  
ThreadNO:1, table:TT01, 2166000 rows processed  
ThreadNO:1, table:TT01, 2168000 rows processed  
ThreadNO:1, table:TT01, 2160000 rows processed  
ThreadNO:1, table:TT01, 2170000 rows processed  
ThreadNO:1, table:TT01, 2162000 rows processed  
ThreadNO:1, table:TT01, 2172000 rows processed  
ThreadNO:1, table:TT01, 2164000 rows processed  
ThreadNO:1, table:TT01, 2174000 rows processed  
ThreadNO:1, table:TT01, 2166000 rows processed  
ThreadNO:1, table:TT01, 2176000 rows processed  
ThreadNO:1, table:TT01, 2168000 rows processed  
ThreadNO:1, table:TT01, 2178000 rows processed  
ThreadNO:1, table:TT01, 2170000 rows processed  
ThreadNO:1, table:TT01, 2172000 rows processed  
ThreadNO:1, table:TT01, 2180000 rows processed  
ThreadNO:1, table:TT01, 2174000 rows processed  
ThreadNO:1, table:TT01, 2182000 rows processed  
ThreadNO:1, table:TT01, 2176000 rows processed  
ThreadNO:1, table:TT01, 2184000 rows processed  
ThreadNO:1, table:TT01, 2186000 rows processed  
ThreadNO:1, table:TT01, 2178000 rows processed  
ThreadNO:1, table:TT01, 2188000 rows processed  
ThreadNO:1, table:TT01, 2180000 rows processed  
ThreadNO:1, table:TT01, 2182000 rows processed  
ThreadNO:1, table:TT01, 2190000 rows processed  
ThreadNO:1, table:TT01, 2184000 rows processed  
ThreadNO:1, table:TT01, 2192000 rows processed  
ThreadNO:1, table:TT01, 2186000 rows processed  
ThreadNO:1, table:TT01, 2194000 rows processed  
ThreadNO:1, table:TT01, 2188000 rows processed  
ThreadNO:1, table:TT01, 2196000 rows processed  
ThreadNO:1, table:TT01, 2190000 rows processed  
ThreadNO:1, table:TT01, 2198000 rows processed  
ThreadNO:1, table:TT01, 2200000 rows processed  
ThreadNO:1, table:TT01, 2192000 rows processed  
ThreadNO:1, table:TT01, 2202000 rows processed  
ThreadNO:1, table:TT01, 2194000 rows processed  
ThreadNO:1, table:TT01, 2204000 rows processed  
ThreadNO:1, table:TT01, 2196000 rows processed  
ThreadNO:1, table:TT01, 2206000 rows processed  
ThreadNO:1, table:TT01, 2198000 rows processed  
ThreadNO:1, table:TT01, 2200000 rows processed  
ThreadNO:1, table:TT01, 2208000 rows processed  
ThreadNO:1, table:TT01, 2202000 rows processed  
ThreadNO:1, table:TT01, 2210000 rows processed  
ThreadNO:1, table:TT01, 2204000 rows processed  
ThreadNO:1, table:TT01, 2212000 rows processed  
ThreadNO:1, table:TT01, 2206000 rows processed  
ThreadNO:1, table:TT01, 2214000 rows processed  
ThreadNO:1, table:TT01, 2216000 rows processed  
ThreadNO:1, table:TT01, 2208000 rows processed  
ThreadNO:1, table:TT01, 2210000 rows processed  
ThreadNO:1, table:TT01, 2218000 rows processed  
ThreadNO:1, table:TT01, 2220000 rows processed  
ThreadNO:1, table:TT01, 2212000 rows processed  
ThreadNO:1, table:TT01, 2214000 rows processed  
ThreadNO:1, table:TT01, 2222000 rows processed  
ThreadNO:1, table:TT01, 2216000 rows processed  
ThreadNO:1, table:TT01, 2224000 rows processed  
ThreadNO:1, table:TT01, 2218000 rows processed  
ThreadNO:1, table:TT01, 2226000 rows processed  
ThreadNO:1, table:TT01, 2220000 rows processed  
ThreadNO:1, table:TT01, 2228000 rows processed  
ThreadNO:1, table:TT01, 2222000 rows processed  
ThreadNO:1, table:TT01, 2230000 rows processed  
ThreadNO:1, table:TT01, 2232000 rows processed  
ThreadNO:1, table:TT01, 2224000 rows processed  
ThreadNO:1, table:TT01, 2226000 rows processed  
ThreadNO:1, table:TT01, 2234000 rows processed  
ThreadNO:1, table:TT01, 2228000 rows processed  
ThreadNO:1, table:TT01, 2236000 rows processed  
ThreadNO:1, table:TT01, 2230000 rows processed  
ThreadNO:1, table:TT01, 2238000 rows processed  
ThreadNO:1, table:TT01, 2232000 rows processed  
ThreadNO:1, table:TT01, 2240000 rows processed  
ThreadNO:1, table:TT01, 2234000 rows processed  
ThreadNO:1, table:TT01, 2242000 rows processed  
ThreadNO:1, table:TT01, 2236000 rows processed  
ThreadNO:1, table:TT01, 2244000 rows processed  
ThreadNO:1, table:TT01, 2245800 rows processed(Total) 
ThreadNO:1, table:TT01, 2238000 rows processed  
ThreadNO:1, table:TT01, 2240000 rows processed  

real	3m35.084s
user	0m40.881s
sys	0m0.269s
ThreadNO:1, table:TT01, 2242000 rows processed  
ThreadNO:1, table:TT01, 2244000 rows processed  
ThreadNO:1, table:TT01, 2245800 rows processed(Total) 

real	3m34.105s
user	0m40.801s
sys	0m0.291s
